Arguments: 
  /usr/local/bin/node /usr/local/Cellar/yarn/1.3.2/libexec/bin/yarn.js add babel-plugin-react-transform react-transform-hmr

PATH: 
  /usr/bin:/bin:/usr/sbin:/sbin:/usr/local/bin

Yarn version: 
  1.3.2

Node version: 
  8.9.1

Platform: 
  darwin x64

npm manifest: 
  {
    "name": "longyenwen",
    "version": "1.0.0",
    "description": "",
    "main": "index.js",
    "scripts": {
      "test": "echo \"Error: no test specified\" && exit 1",
      "start": "webpack & webpack-dev-server",
      "server": "webpack-dev-server"
    },
    "author": "",
    "license": "ISC",
    "devDependencies": {
      "babel-core": "^6.26.0",
      "babel-loader": "^7.1.2",
      "babel-preset-es2015": "^6.24.1",
      "babel-preset-react": "^6.24.1",
      "css-loader": "^0.28.7",
      "extract-text-webpack-plugin": "^3.0.2",
      "less": "^2.7.3",
      "less-loader": "^4.0.5",
      "react": "^16.1.0",
      "webpack": "^3.8.1",
      "webpack-dev-server": "^2.9.4"
    }
  }

yarn manifest: 
  No manifest

Lockfile: 
  No lockfile

Trace: 
  Error: ENOENT: no such file or directory, copyfile '/Users/lalala/Library/Caches/Yarn/v1/npm-is-extglob-2.1.1-a88c02535791f02ed37c76a1b9ea9773c833f8c2/README.md' -> '/Users/lalala/Documents/Work/longyenwen/node_modules/http-proxy-middleware/node_modules/is-extglob/README.md'
